{"C:\\Users\\sabii\\todo-app\\src\\App.js": {"path":"C:\\Users\\sabii\\todo-app\\src\\App.js","statementMap":{"0":{"start":{"line":3,"column":16},"end":{"line":3,"column":34}},"1":{"start":{"line":4,"column":20},"end":{"line":4,"column":44}},"2":{"start":{"line":6,"column":12},"end":{"line":6,"column":21}},"3":{"start":{"line":7,"column":0},"end":{"line":7,"column":24}},"4":{"start":{"line":10,"column":0},"end":{"line":69,"column":3}},"5":{"start":{"line":11,"column":2},"end":{"line":68,"column":5}},"6":{"start":{"line":72,"column":0},"end":{"line":72,"column":73}},"7":{"start":{"line":72,"column":36},"end":{"line":72,"column":71}},"8":{"start":{"line":74,"column":0},"end":{"line":77,"column":3}},"9":{"start":{"line":75,"column":15},"end":{"line":75,"column":53}},"10":{"start":{"line":76,"column":2},"end":{"line":76,"column":76}},"11":{"start":{"line":79,"column":0},"end":{"line":86,"column":3}},"12":{"start":{"line":80,"column":2},"end":{"line":85,"column":3}},"13":{"start":{"line":81,"column":17},"end":{"line":81,"column":55}},"14":{"start":{"line":82,"column":4},"end":{"line":82,"column":31}},"15":{"start":{"line":84,"column":4},"end":{"line":84,"column":49}},"16":{"start":{"line":88,"column":0},"end":{"line":91,"column":3}},"17":{"start":{"line":89,"column":15},"end":{"line":89,"column":62}},"18":{"start":{"line":90,"column":2},"end":{"line":90,"column":76}},"19":{"start":{"line":93,"column":0},"end":{"line":96,"column":3}},"20":{"start":{"line":94,"column":18},"end":{"line":94,"column":55}},"21":{"start":{"line":95,"column":2},"end":{"line":95,"column":110}},"22":{"start":{"line":98,"column":13},"end":{"line":98,"column":37}},"23":{"start":{"line":99,"column":0},"end":{"line":101,"column":1}},"24":{"start":{"line":100,"column":2},"end":{"line":100,"column":87}},"25":{"start":{"line":100,"column":25},"end":{"line":100,"column":85}},"26":{"start":{"line":103,"column":0},"end":{"line":103,"column":21}}},"fnMap":{"0":{"name":"(anonymous_0)","decl":{"start":{"line":10,"column":13},"end":{"line":10,"column":14}},"loc":{"start":{"line":10,"column":27},"end":{"line":69,"column":1}},"line":10},"1":{"name":"(anonymous_1)","decl":{"start":{"line":72,"column":22},"end":{"line":72,"column":23}},"loc":{"start":{"line":72,"column":36},"end":{"line":72,"column":71}},"line":72},"2":{"name":"(anonymous_2)","decl":{"start":{"line":74,"column":26},"end":{"line":74,"column":27}},"loc":{"start":{"line":74,"column":40},"end":{"line":77,"column":1}},"line":74},"3":{"name":"(anonymous_3)","decl":{"start":{"line":79,"column":23},"end":{"line":79,"column":24}},"loc":{"start":{"line":79,"column":37},"end":{"line":86,"column":1}},"line":79},"4":{"name":"(anonymous_4)","decl":{"start":{"line":88,"column":26},"end":{"line":88,"column":27}},"loc":{"start":{"line":88,"column":40},"end":{"line":91,"column":1}},"line":88},"5":{"name":"(anonymous_5)","decl":{"start":{"line":93,"column":29},"end":{"line":93,"column":30}},"loc":{"start":{"line":93,"column":43},"end":{"line":96,"column":1}},"line":93},"6":{"name":"(anonymous_6)","decl":{"start":{"line":100,"column":19},"end":{"line":100,"column":20}},"loc":{"start":{"line":100,"column":25},"end":{"line":100,"column":85}},"line":100}},"branchMap":{"0":{"loc":{"start":{"line":76,"column":2},"end":{"line":76,"column":75}},"type":"cond-expr","locations":[{"start":{"line":76,"column":9},"end":{"line":76,"column":23}},{"start":{"line":76,"column":26},"end":{"line":76,"column":75}}],"line":76},"1":{"loc":{"start":{"line":90,"column":2},"end":{"line":90,"column":75}},"type":"cond-expr","locations":[{"start":{"line":90,"column":9},"end":{"line":90,"column":23}},{"start":{"line":90,"column":26},"end":{"line":90,"column":75}}],"line":90},"2":{"loc":{"start":{"line":95,"column":2},"end":{"line":95,"column":109}},"type":"cond-expr","locations":[{"start":{"line":95,"column":12},"end":{"line":95,"column":57}},{"start":{"line":95,"column":60},"end":{"line":95,"column":109}}],"line":95},"3":{"loc":{"start":{"line":98,"column":13},"end":{"line":98,"column":37}},"type":"binary-expr","locations":[{"start":{"line":98,"column":13},"end":{"line":98,"column":29}},{"start":{"line":98,"column":33},"end":{"line":98,"column":37}}],"line":98},"4":{"loc":{"start":{"line":99,"column":0},"end":{"line":101,"column":1}},"type":"if","locations":[{"start":{"line":99,"column":0},"end":{"line":101,"column":1}},{"start":{},"end":{}}],"line":99}},"s":{"0":1,"1":1,"2":1,"3":1,"4":1,"5":0,"6":1,"7":1,"8":1,"9":0,"10":0,"11":1,"12":5,"13":5,"14":3,"15":2,"16":1,"17":2,"18":2,"19":1,"20":2,"21":2,"22":1,"23":1,"24":0,"25":0,"26":1},"f":{"0":0,"1":1,"2":0,"3":5,"4":2,"5":2,"6":0},"b":{"0":[0,0],"1":[1,1],"2":[1,1],"3":[1,1],"4":[0,1]},"_coverageSchema":"1a1c01bbd47fc00a2c39e90264f33305004495a9","hash":"f07b950ea511e0fd72410261d14da9f1ccd21d8f"}
,"C:\\Users\\sabii\\todo-app\\src\\Todoservice.js": {"path":"C:\\Users\\sabii\\todo-app\\src\\Todoservice.js","statementMap":{"0":{"start":{"line":3,"column":12},"end":{"line":3,"column":14}},"1":{"start":{"line":4,"column":13},"end":{"line":4,"column":14}},"2":{"start":{"line":6,"column":20},"end":{"line":6,"column":31}},"3":{"start":{"line":6,"column":26},"end":{"line":6,"column":31}},"4":{"start":{"line":8,"column":20},"end":{"line":8,"column":66}},"5":{"start":{"line":8,"column":28},"end":{"line":8,"column":66}},"6":{"start":{"line":8,"column":44},"end":{"line":8,"column":65}},"7":{"start":{"line":10,"column":19},"end":{"line":17,"column":1}},"8":{"start":{"line":11,"column":2},"end":{"line":13,"column":3}},"9":{"start":{"line":12,"column":4},"end":{"line":12,"column":41}},"10":{"start":{"line":14,"column":15},"end":{"line":14,"column":70}},"11":{"start":{"line":15,"column":2},"end":{"line":15,"column":19}},"12":{"start":{"line":16,"column":2},"end":{"line":16,"column":14}},"13":{"start":{"line":19,"column":19},"end":{"line":25,"column":1}},"14":{"start":{"line":20,"column":15},"end":{"line":20,"column":30}},"15":{"start":{"line":21,"column":2},"end":{"line":21,"column":25}},"16":{"start":{"line":21,"column":13},"end":{"line":21,"column":25}},"17":{"start":{"line":22,"column":2},"end":{"line":22,"column":62}},"18":{"start":{"line":22,"column":35},"end":{"line":22,"column":62}},"19":{"start":{"line":23,"column":2},"end":{"line":23,"column":74}},"20":{"start":{"line":23,"column":39},"end":{"line":23,"column":74}},"21":{"start":{"line":24,"column":2},"end":{"line":24,"column":14}},"22":{"start":{"line":27,"column":19},"end":{"line":32,"column":1}},"23":{"start":{"line":28,"column":16},"end":{"line":28,"column":59}},"24":{"start":{"line":28,"column":37},"end":{"line":28,"column":58}},"25":{"start":{"line":29,"column":2},"end":{"line":29,"column":33}},"26":{"start":{"line":29,"column":20},"end":{"line":29,"column":33}},"27":{"start":{"line":30,"column":2},"end":{"line":30,"column":25}},"28":{"start":{"line":31,"column":2},"end":{"line":31,"column":14}},"29":{"start":{"line":34,"column":19},"end":{"line":34,"column":52}},"30":{"start":{"line":34,"column":27},"end":{"line":34,"column":38}},"31":{"start":{"line":34,"column":39},"end":{"line":34,"column":50}},"32":{"start":{"line":36,"column":0},"end":{"line":36,"column":94}}},"fnMap":{"0":{"name":"(anonymous_0)","decl":{"start":{"line":6,"column":20},"end":{"line":6,"column":21}},"loc":{"start":{"line":6,"column":26},"end":{"line":6,"column":31}},"line":6},"1":{"name":"(anonymous_1)","decl":{"start":{"line":8,"column":20},"end":{"line":8,"column":21}},"loc":{"start":{"line":8,"column":28},"end":{"line":8,"column":66}},"line":8},"2":{"name":"(anonymous_2)","decl":{"start":{"line":8,"column":39},"end":{"line":8,"column":40}},"loc":{"start":{"line":8,"column":44},"end":{"line":8,"column":65}},"line":8},"3":{"name":"(anonymous_3)","decl":{"start":{"line":10,"column":19},"end":{"line":10,"column":20}},"loc":{"start":{"line":10,"column":30},"end":{"line":17,"column":1}},"line":10},"4":{"name":"(anonymous_4)","decl":{"start":{"line":19,"column":19},"end":{"line":19,"column":20}},"loc":{"start":{"line":19,"column":36},"end":{"line":25,"column":1}},"line":19},"5":{"name":"(anonymous_5)","decl":{"start":{"line":27,"column":19},"end":{"line":27,"column":20}},"loc":{"start":{"line":27,"column":27},"end":{"line":32,"column":1}},"line":27},"6":{"name":"(anonymous_6)","decl":{"start":{"line":28,"column":32},"end":{"line":28,"column":33}},"loc":{"start":{"line":28,"column":37},"end":{"line":28,"column":58}},"line":28},"7":{"name":"(anonymous_7)","decl":{"start":{"line":34,"column":19},"end":{"line":34,"column":20}},"loc":{"start":{"line":34,"column":25},"end":{"line":34,"column":52}},"line":34}},"branchMap":{"0":{"loc":{"start":{"line":11,"column":2},"end":{"line":13,"column":3}},"type":"if","locations":[{"start":{"line":11,"column":2},"end":{"line":13,"column":3}},{"start":{},"end":{}}],"line":11},"1":{"loc":{"start":{"line":11,"column":6},"end":{"line":11,"column":35}},"type":"binary-expr","locations":[{"start":{"line":11,"column":6},"end":{"line":11,"column":12}},{"start":{"line":11,"column":16},"end":{"line":11,"column":35}}],"line":11},"2":{"loc":{"start":{"line":21,"column":2},"end":{"line":21,"column":25}},"type":"if","locations":[{"start":{"line":21,"column":2},"end":{"line":21,"column":25}},{"start":{},"end":{}}],"line":21},"3":{"loc":{"start":{"line":22,"column":2},"end":{"line":22,"column":62}},"type":"if","locations":[{"start":{"line":22,"column":2},"end":{"line":22,"column":62}},{"start":{},"end":{}}],"line":22},"4":{"loc":{"start":{"line":23,"column":2},"end":{"line":23,"column":74}},"type":"if","locations":[{"start":{"line":23,"column":2},"end":{"line":23,"column":74}},{"start":{},"end":{}}],"line":23},"5":{"loc":{"start":{"line":29,"column":2},"end":{"line":29,"column":33}},"type":"if","locations":[{"start":{"line":29,"column":2},"end":{"line":29,"column":33}},{"start":{},"end":{}}],"line":29}},"s":{"0":2,"1":2,"2":2,"3":1,"4":2,"5":2,"6":4,"7":2,"8":5,"9":2,"10":3,"11":3,"12":3,"13":2,"14":2,"15":2,"16":1,"17":1,"18":0,"19":1,"20":1,"21":1,"22":2,"23":2,"24":5,"25":2,"26":1,"27":1,"28":1,"29":2,"30":8,"31":8,"32":2},"f":{"0":1,"1":2,"2":4,"3":5,"4":2,"5":2,"6":5,"7":8},"b":{"0":[2,3],"1":[5,3],"2":[1,1],"3":[0,1],"4":[1,0],"5":[1,1]},"_coverageSchema":"1a1c01bbd47fc00a2c39e90264f33305004495a9","hash":"b153c94c7e3402c3ddd7bfd377f8c94d1eb9d72c"}
}
