TN:
SF:src\App.js
FN:10,(anonymous_0)
FN:72,(anonymous_1)
FN:74,(anonymous_2)
FN:79,(anonymous_3)
FN:88,(anonymous_4)
FN:93,(anonymous_5)
FN:100,(anonymous_6)
FNF:7
FNH:4
FNDA:0,(anonymous_0)
FNDA:1,(anonymous_1)
FNDA:0,(anonymous_2)
FNDA:5,(anonymous_3)
FNDA:2,(anonymous_4)
FNDA:2,(anonymous_5)
FNDA:0,(anonymous_6)
DA:3,1
DA:4,1
DA:6,1
DA:7,1
DA:10,1
DA:11,0
DA:72,1
DA:74,1
DA:75,0
DA:76,0
DA:79,1
DA:80,5
DA:81,5
DA:82,3
DA:84,2
DA:88,1
DA:89,2
DA:90,2
DA:93,1
DA:94,2
DA:95,2
DA:98,1
DA:99,1
DA:100,0
DA:103,1
LF:25
LH:21
BRDA:76,0,0,0
BRDA:76,0,1,0
BRDA:90,1,0,1
BRDA:90,1,1,1
BRDA:95,2,0,1
BRDA:95,2,1,1
BRDA:98,3,0,1
BRDA:98,3,1,1
BRDA:99,4,0,0
BRDA:99,4,1,1
BRF:10
BRH:7
end_of_record
TN:
SF:src\Todoservice.js
FN:6,(anonymous_0)
FN:8,(anonymous_1)
FN:8,(anonymous_2)
FN:10,(anonymous_3)
FN:19,(anonymous_4)
FN:27,(anonymous_5)
FN:28,(anonymous_6)
FN:34,(anonymous_7)
FNF:8
FNH:8
FNDA:1,(anonymous_0)
FNDA:2,(anonymous_1)
FNDA:4,(anonymous_2)
FNDA:5,(anonymous_3)
FNDA:2,(anonymous_4)
FNDA:2,(anonymous_5)
FNDA:5,(anonymous_6)
FNDA:8,(anonymous_7)
DA:3,2
DA:4,2
DA:6,2
DA:8,4
DA:10,2
DA:11,5
DA:12,2
DA:14,3
DA:15,3
DA:16,3
DA:19,2
DA:20,2
DA:21,2
DA:22,1
DA:23,1
DA:24,1
DA:27,2
DA:28,5
DA:29,2
DA:30,1
DA:31,1
DA:34,8
DA:36,2
LF:23
LH:23
BRDA:11,0,0,2
BRDA:11,0,1,3
BRDA:11,1,0,5
BRDA:11,1,1,3
BRDA:21,2,0,1
BRDA:21,2,1,1
BRDA:22,3,0,0
BRDA:22,3,1,1
BRDA:23,4,0,1
BRDA:23,4,1,0
BRDA:29,5,0,1
BRDA:29,5,1,1
BRF:12
BRH:10
end_of_record
